Job ID: 971697
Running on nodes: compute-0-299
Allocated CPUs: 1
PATH: /lsweb/pupko/microbializer/miniconda3/envs/microbializer/bin:/lsweb/pupko/microbializer/miniconda3/envs/microbializer/bin:/lsweb/pupko/microbializer/miniconda3/condabin:/usr/local/sbin:/usr/local/bin:/usr/sbin:/usr/bin:/root/bin:.
Submitted batch job 971698
Submitted batch job 971699
Submitted batch job 971700
Submitted batch job 971701
Submitted batch job 971702
Submitted batch job 971703
Submitted batch job 971704
Submitted batch job 971705
Submitted batch job 971706
Submitted batch job 971707
Submitted batch job 971709
Submitted batch job 971710
Submitted batch job 971712
Submitted batch job 971714
Submitted batch job 971716
Submitted batch job 971720
Submitted batch job 971721
Submitted batch job 971722
Submitted batch job 971723
Submitted batch job 971724
Submitted batch job 971725
Submitted batch job 971726
Submitted batch job 971727
Submitted batch job 971728
Submitted batch job 971729
Submitted batch job 971730
Submitted batch job 971731
Submitted batch job 971732
Submitted batch job 971735
Submitted batch job 971736
Submitted batch job 971737
Submitted batch job 971738
Submitted batch job 971739
Submitted batch job 971740
Submitted batch job 971741
Submitted batch job 971742
Submitted batch job 971743
Submitted batch job 971744
Submitted batch job 971745
Submitted batch job 971746
Submitted batch job 971747
Submitted batch job 971748
Submitted batch job 971749
Submitted batch job 971750
Submitted batch job 971751
Submitted batch job 971752
Submitted batch job 971753
Submitted batch job 971754
Submitted batch job 971755
Submitted batch job 971756
Submitted batch job 971757
Submitted batch job 971758
Submitted batch job 971759
Submitted batch job 971760
Submitted batch job 971761
Submitted batch job 971762
Submitted batch job 971763
Submitted batch job 971764
Submitted batch job 971765
Submitted batch job 971766
Submitted batch job 971767
Submitted batch job 971768
Submitted batch job 971769
Submitted batch job 971770
Submitted batch job 971771
Submitted batch job 971772
Submitted batch job 971773
Submitted batch job 971774
Submitted batch job 971775
Submitted batch job 971776
Submitted batch job 971777
Submitted batch job 971778
Submitted batch job 971779
Submitted batch job 971780
Submitted batch job 971781
Submitted batch job 971782
Submitted batch job 971783
Submitted batch job 971784
Submitted batch job 971785
Submitted batch job 971786
Submitted batch job 971787
Submitted batch job 971788
Submitted batch job 971789
Submitted batch job 971790
Submitted batch job 971791
Submitted batch job 971792
Submitted batch job 971793
Submitted batch job 971794
Submitted batch job 971795
Submitted batch job 971796
Submitted batch job 971797
Submitted batch job 971798
Submitted batch job 971799
Submitted batch job 971800
Submitted batch job 971801
Submitted batch job 971802
Submitted batch job 971803
Submitted batch job 971804
Submitted batch job 971805
Submitted batch job 971806
Submitted batch job 971807
Submitted batch job 971808
Submitted batch job 971809
Submitted batch job 971810
Submitted batch job 971811
Submitted batch job 971812
Submitted batch job 971813
Submitted batch job 971814
Submitted batch job 971815
Submitted batch job 971816
Submitted batch job 971817
Submitted batch job 971818
Submitted batch job 971819
Submitted batch job 971820
Submitted batch job 971821
Submitted batch job 971822
Submitted batch job 971823
Submitted batch job 971824
Submitted batch job 971825
Submitted batch job 971826
Submitted batch job 971827
Submitted batch job 971828
Submitted batch job 971829
Submitted batch job 971830
Submitted batch job 971831
Submitted batch job 971832
Submitted batch job 971833
Submitted batch job 971834
Submitted batch job 971835
Submitted batch job 971836
Submitted batch job 971837
Submitted batch job 971838
Submitted batch job 971839
Submitted batch job 971840
Submitted batch job 971841
Submitted batch job 971842
Submitted batch job 971843
Submitted batch job 971844
Submitted batch job 971845
Submitted batch job 971846
Submitted batch job 971847
Submitted batch job 971848
Submitted batch job 971849
Submitted batch job 971850
Submitted batch job 971851
Submitted batch job 971852
Submitted batch job 971853
Submitted batch job 971854
Submitted batch job 971855
Submitted batch job 971856
Submitted batch job 971857
Submitted batch job 971858
Submitted batch job 971859
Submitted batch job 971860
Submitted batch job 971861
Submitted batch job 971862
Submitted batch job 971863
Submitted batch job 971864
Submitted batch job 971865
Submitted batch job 971866
Submitted batch job 971867
Submitted batch job 971868
Submitted batch job 971869
Submitted batch job 971870
Submitted batch job 971871
Submitted batch job 971872
Submitted batch job 971873
Submitted batch job 971874
Submitted batch job 971875
Submitted batch job 971876
Submitted batch job 971877
Submitted batch job 971878
Submitted batch job 971879
Submitted batch job 971880
Submitted batch job 971881
Submitted batch job 971882
Submitted batch job 971883
Submitted batch job 971884
Submitted batch job 971885
Submitted batch job 971886
Submitted batch job 971887
Submitted batch job 971888
Submitted batch job 971889
Submitted batch job 971890
Submitted batch job 971891
Submitted batch job 971892
Submitted batch job 971893
Submitted batch job 971894
Submitted batch job 971895
Submitted batch job 971896
Submitted batch job 971897
Submitted batch job 971898
Submitted batch job 971899
Submitted batch job 971900
Submitted batch job 971901
Submitted batch job 971902
Submitted batch job 971904
Submitted batch job 971905
Submitted batch job 971906
Submitted batch job 971907
Submitted batch job 971908
Submitted batch job 971909
Submitted batch job 971910
Submitted batch job 971911
Submitted batch job 971912
Submitted batch job 971913
Submitted batch job 971914
Submitted batch job 971915
Submitted batch job 971916
Submitted batch job 971917
Submitted batch job 971918
Submitted batch job 971919
Submitted batch job 971920
Submitted batch job 971921
Submitted batch job 971922
Submitted batch job 971923
Submitted batch job 971924
Submitted batch job 971925
Submitted batch job 971926
Submitted batch job 971927
Submitted batch job 971928
Submitted batch job 971930
Submitted batch job 971931
Submitted batch job 971932
Submitted batch job 971933
Submitted batch job 971934
Submitted batch job 971935
Submitted batch job 971936
Submitted batch job 971937
Submitted batch job 971938
Submitted batch job 971939
Submitted batch job 971940
Submitted batch job 971941
Submitted batch job 971942
Submitted batch job 971943
Submitted batch job 971944
Submitted batch job 971945
Submitted batch job 971946
Submitted batch job 971947
Submitted batch job 971948
Submitted batch job 971949
Submitted batch job 971950
Submitted batch job 971951
Submitted batch job 971952
Submitted batch job 971953
Submitted batch job 971954
Submitted batch job 971955
Submitted batch job 971956
Submitted batch job 971957
Submitted batch job 971958
Submitted batch job 971959
Submitted batch job 971960
Submitted batch job 971961
Submitted batch job 971962
Submitted batch job 971963
Submitted batch job 971964
Submitted batch job 971965
Submitted batch job 971966
Submitted batch job 971967
Submitted batch job 971968
Submitted batch job 971969
Submitted batch job 971970
Submitted batch job 971971
Submitted batch job 971972
Submitted batch job 971973
Submitted batch job 971974
Submitted batch job 971975
Submitted batch job 971976
Submitted batch job 971977
Submitted batch job 971978
Submitted batch job 971979
Submitted batch job 971980
Submitted batch job 971981
Submitted batch job 971982
Submitted batch job 971983
Submitted batch job 971984
Submitted batch job 971985
Submitted batch job 971986
Submitted batch job 971987
Submitted batch job 971988
Submitted batch job 971989
Submitted batch job 971990
Submitted batch job 971991
Submitted batch job 971992
Submitted batch job 971993
Submitted batch job 971994
Submitted batch job 971995
Submitted batch job 971996
Submitted batch job 971997
Submitted batch job 971998
Submitted batch job 971999
Submitted batch job 972001
Submitted batch job 972002
Submitted batch job 972003
Submitted batch job 972004
Submitted batch job 972005
Submitted batch job 972006
Submitted batch job 972008
Submitted batch job 972009
Submitted batch job 972010
Submitted batch job 972011
Submitted batch job 972012
Submitted batch job 972013
Submitted batch job 972014
Submitted batch job 972015
Submitted batch job 972016
Submitted batch job 972017
Submitted batch job 972018
Submitted batch job 972019
Submitted batch job 972020
Submitted batch job 972021
Submitted batch job 972022
Submitted batch job 972023
Submitted batch job 972024
Submitted batch job 972025
Submitted batch job 972026
Submitted batch job 972027
Submitted batch job 972028
Submitted batch job 972029
Submitted batch job 972034
Submitted batch job 972036
Submitted batch job 972037
Submitted batch job 972039
Submitted batch job 972040
sys.path is
['/lsweb/pupko/microbializer/pipeline', '/lsweb/pupko/microbializer/miniconda3/envs/microbializer/lib/python38.zip', '/lsweb/pupko/microbializer/miniconda3/envs/microbializer/lib/python3.8', '/lsweb/pupko/microbializer/miniconda3/envs/microbializer/lib/python3.8/lib-dynload', '/lsweb/pupko/microbializer/miniconda3/envs/microbializer/lib/python3.8/site-packages', '/lsweb/pupko/microbializer/pipeline']
